2023-08-02 03:59:20,966 WARNING database DDL Query made to DB:
create table `tabEmployee Tax Exemption Proof Submission Detail` (
			name varchar(140) primary key,
			creation datetime(6),
			modified datetime(6),
			modified_by varchar(140),
			owner varchar(140),
			docstatus int(1) not null default '0',
			idx int(8) not null default '0',
			`exemption_sub_category` varchar(140),
`exemption_category` varchar(140),
`max_amount` decimal(21,9) not null default 0,
`type_of_proof` varchar(140),
`amount` decimal(21,9) not null default 0,
parent varchar(140),
parentfield varchar(140),
parenttype varchar(140),
index parent(parent),

			index modified(modified))
			ENGINE=InnoDB
			ROW_FORMAT=DYNAMIC
			CHARACTER SET=utf8mb4
			COLLATE=utf8mb4_unicode_ci
2023-08-02 03:59:21,064 WARNING database DDL Query made to DB:
create table `tabPayroll Employee Detail` (
			name varchar(140) primary key,
			creation datetime(6),
			modified datetime(6),
			modified_by varchar(140),
			owner varchar(140),
			docstatus int(1) not null default '0',
			idx int(8) not null default '0',
			`employee` varchar(140),
`employee_name` varchar(140),
`department` varchar(140),
`designation` varchar(140),
parent varchar(140),
parentfield varchar(140),
parenttype varchar(140),
index parent(parent),

			index modified(modified))
			ENGINE=InnoDB
			ROW_FORMAT=DYNAMIC
			CHARACTER SET=utf8mb4
			COLLATE=utf8mb4_unicode_ci
2023-08-02 03:59:21,204 WARNING database DDL Query made to DB:
create table `tabAdditional Salary` (
			name varchar(140) primary key,
			creation datetime(6),
			modified datetime(6),
			modified_by varchar(140),
			owner varchar(140),
			docstatus int(1) not null default '0',
			idx int(8) not null default '0',
			`naming_series` varchar(140),
`employee` varchar(140),
`employee_name` varchar(140),
`department` varchar(140),
`company` varchar(140),
`is_recurring` int(1) not null default 0,
`disabled` int(1) not null default 0,
`from_date` date,
`to_date` date,
`payroll_date` date,
`amended_from` varchar(140),
`salary_component` varchar(140),
`type` varchar(140),
`currency` varchar(140),
`amount` decimal(21,9) not null default 0,
`deduct_full_tax_on_selected_payroll_date` int(1) not null default 0,
`overwrite_salary_structure_amount` int(1) not null default 1,
`ref_doctype` varchar(140),
`ref_docname` varchar(140),
`_user_tags` text,
`_comments` text,
`_assign` text,
`_liked_by` text,
index `employee`(`employee`),
index `payroll_date`(`payroll_date`),
index `salary_component`(`salary_component`),

			index modified(modified))
			ENGINE=InnoDB
			ROW_FORMAT=DYNAMIC
			CHARACTER SET=utf8mb4
			COLLATE=utf8mb4_unicode_ci
2023-08-02 03:59:21,362 WARNING database DDL Query made to DB:
create table `tabSalary Detail` (
			name varchar(140) primary key,
			creation datetime(6),
			modified datetime(6),
			modified_by varchar(140),
			owner varchar(140),
			docstatus int(1) not null default '0',
			idx int(8) not null default '0',
			`salary_component` varchar(140),
`abbr` varchar(140),
`amount` decimal(21,9) not null default 0,
`year_to_date` decimal(21,9) not null default 0,
`additional_salary` varchar(140),
`is_recurring_additional_salary` int(1) not null default 0,
`statistical_component` int(1) not null default 0,
`depends_on_payment_days` int(1) not null default 0,
`exempted_from_income_tax` int(1) not null default 0,
`is_tax_applicable` int(1) not null default 0,
`is_flexible_benefit` int(1) not null default 0,
`variable_based_on_taxable_salary` int(1) not null default 0,
`do_not_include_in_total` int(1) not null default 0,
`deduct_full_tax_on_selected_payroll_date` int(1) not null default 0,
`condition` longtext,
`amount_based_on_formula` int(1) not null default 0,
`formula` longtext,
`default_amount` decimal(21,9) not null default 0,
`additional_amount` decimal(21,9) not null default 0,
`tax_on_flexible_benefit` decimal(21,9) not null default 0,
`tax_on_additional_salary` decimal(21,9) not null default 0,
parent varchar(140),
parentfield varchar(140),
parenttype varchar(140),
index parent(parent),

			index modified(modified))
			ENGINE=InnoDB
			ROW_FORMAT=DYNAMIC
			CHARACTER SET=utf8mb4
			COLLATE=utf8mb4_unicode_ci
2023-08-02 03:59:21,461 WARNING database DDL Query made to DB:
create table `tabPayroll Period Date` (
			name varchar(140) primary key,
			creation datetime(6),
			modified datetime(6),
			modified_by varchar(140),
			owner varchar(140),
			docstatus int(1) not null default '0',
			idx int(8) not null default '0',
			`start_date` date,
`end_date` date,
parent varchar(140),
parentfield varchar(140),
parenttype varchar(140),
index parent(parent),

			index modified(modified))
			ENGINE=InnoDB
			ROW_FORMAT=DYNAMIC
			CHARACTER SET=utf8mb4
			COLLATE=utf8mb4_unicode_ci
2023-08-02 03:59:21,625 WARNING database DDL Query made to DB:
create table `tabPayroll Entry` (
			name varchar(140) primary key,
			creation datetime(6),
			modified datetime(6),
			modified_by varchar(140),
			owner varchar(140),
			docstatus int(1) not null default '0',
			idx int(8) not null default '0',
			`posting_date` date,
`payroll_frequency` varchar(140),
`company` varchar(140),
`currency` varchar(140),
`exchange_rate` decimal(21,9) not null default 0,
`payroll_payable_account` varchar(140),
`status` varchar(140),
`start_date` date,
`end_date` date,
`salary_slip_based_on_timesheet` int(1) not null default 0,
`deduct_tax_for_unclaimed_employee_benefits` int(1) not null default 0,
`deduct_tax_for_unsubmitted_tax_exemption_proof` int(1) not null default 0,
`branch` varchar(140),
`department` varchar(140),
`designation` varchar(140),
`number_of_employees` int(11) not null default 0,
`validate_attendance` int(1) not null default 0,
`cost_center` varchar(140),
`project` varchar(140),
`payment_account` varchar(140),
`bank_account` varchar(140),
`salary_slips_created` int(1) not null default 0,
`salary_slips_submitted` int(1) not null default 0,
`error_message` text,
`amended_from` varchar(140),
`_user_tags` text,
`_comments` text,
`_assign` text,
`_liked_by` text,

			index modified(modified))
			ENGINE=InnoDB
			ROW_FORMAT=DYNAMIC
			CHARACTER SET=utf8mb4
			COLLATE=utf8mb4_unicode_ci
2023-08-02 03:59:21,746 WARNING database DDL Query made to DB:
create table `tabSalary Slip Leave` (
			name varchar(140) primary key,
			creation datetime(6),
			modified datetime(6),
			modified_by varchar(140),
			owner varchar(140),
			docstatus int(1) not null default '0',
			idx int(8) not null default '0',
			`leave_type` varchar(140),
`total_allocated_leaves` decimal(21,9) not null default 0,
`expired_leaves` decimal(21,9) not null default 0,
`used_leaves` decimal(21,9) not null default 0,
`pending_leaves` decimal(21,9) not null default 0,
`available_leaves` decimal(21,9) not null default 0,
parent varchar(140),
parentfield varchar(140),
parenttype varchar(140),
index parent(parent),

			index modified(modified))
			ENGINE=InnoDB
			ROW_FORMAT=DYNAMIC
			CHARACTER SET=utf8mb4
			COLLATE=utf8mb4_unicode_ci
2023-08-02 03:59:21,854 WARNING database DDL Query made to DB:
create table `tabSalary Slip Timesheet` (
			name varchar(140) primary key,
			creation datetime(6),
			modified datetime(6),
			modified_by varchar(140),
			owner varchar(140),
			docstatus int(1) not null default '0',
			idx int(8) not null default '0',
			`time_sheet` varchar(140),
`working_hours` decimal(21,9) not null default 0,
parent varchar(140),
parentfield varchar(140),
parenttype varchar(140),
index parent(parent),

			index modified(modified))
			ENGINE=InnoDB
			ROW_FORMAT=DYNAMIC
			CHARACTER SET=utf8mb4
			COLLATE=utf8mb4_unicode_ci
2023-08-02 03:59:21,966 WARNING database DDL Query made to DB:
create table `tabEmployee Incentive` (
			name varchar(140) primary key,
			creation datetime(6),
			modified datetime(6),
			modified_by varchar(140),
			owner varchar(140),
			docstatus int(1) not null default '0',
			idx int(8) not null default '0',
			`employee` varchar(140),
`employee_name` varchar(140),
`amended_from` varchar(140),
`company` varchar(140),
`department` varchar(140),
`salary_component` varchar(140),
`currency` varchar(140),
`payroll_date` date,
`incentive_amount` decimal(21,9) not null default 0,
`_user_tags` text,
`_comments` text,
`_assign` text,
`_liked_by` text,

			index modified(modified))
			ENGINE=InnoDB
			ROW_FORMAT=DYNAMIC
			CHARACTER SET=utf8mb4
			COLLATE=utf8mb4_unicode_ci
2023-08-02 03:59:22,093 WARNING database DDL Query made to DB:
create table `tabGratuity Rule Slab` (
			name varchar(140) primary key,
			creation datetime(6),
			modified datetime(6),
			modified_by varchar(140),
			owner varchar(140),
			docstatus int(1) not null default '0',
			idx int(8) not null default '0',
			`from_year` int(11) not null default 0,
`to_year` int(11) not null default 0,
`fraction_of_applicable_earnings` decimal(21,9) not null default 0,
parent varchar(140),
parentfield varchar(140),
parenttype varchar(140),
index parent(parent),

			index modified(modified))
			ENGINE=InnoDB
			ROW_FORMAT=DYNAMIC
			CHARACTER SET=utf8mb4
			COLLATE=utf8mb4_unicode_ci
2023-08-02 03:59:22,312 WARNING database DDL Query made to DB:
create table `tabEmployee Tax Exemption Sub Category` (
			name varchar(140) primary key,
			creation datetime(6),
			modified datetime(6),
			modified_by varchar(140),
			owner varchar(140),
			docstatus int(1) not null default '0',
			idx int(8) not null default '0',
			`exemption_category` varchar(140),
`max_amount` decimal(21,9) not null default 0,
`is_active` int(1) not null default 1,
`_user_tags` text,
`_comments` text,
`_assign` text,
`_liked_by` text,

			index modified(modified))
			ENGINE=InnoDB
			ROW_FORMAT=DYNAMIC
			CHARACTER SET=utf8mb4
			COLLATE=utf8mb4_unicode_ci
2023-08-02 03:59:22,442 WARNING database DDL Query made to DB:
create table `tabGratuity Rule` (
			name varchar(140) primary key,
			creation datetime(6),
			modified datetime(6),
			modified_by varchar(140),
			owner varchar(140),
			docstatus int(1) not null default '0',
			idx int(8) not null default '0',
			`disable` int(1) not null default 0,
`calculate_gratuity_amount_based_on` varchar(140),
`total_working_days_per_year` int(11) not null default 365,
`work_experience_calculation_function` varchar(140) default 'Round off Work Experience',
`minimum_year_for_gratuity` int(11) not null default 0,
`_user_tags` text,
`_comments` text,
`_assign` text,
`_liked_by` text,

			index modified(modified))
			ENGINE=InnoDB
			ROW_FORMAT=DYNAMIC
			CHARACTER SET=utf8mb4
			COLLATE=utf8mb4_unicode_ci
2023-08-02 03:59:22,594 WARNING database DDL Query made to DB:
create table `tabSalary Structure` (
			name varchar(140) primary key,
			creation datetime(6),
			modified datetime(6),
			modified_by varchar(140),
			owner varchar(140),
			docstatus int(1) not null default '0',
			idx int(8) not null default '0',
			`company` varchar(140),
`letter_head` varchar(140),
`is_active` varchar(140) default 'Yes',
`is_default` varchar(140) default 'No',
`payroll_frequency` varchar(140) default 'Monthly',
`currency` varchar(140),
`amended_from` varchar(140),
`leave_encashment_amount_per_day` decimal(21,9) not null default 0,
`max_benefits` decimal(21,9) not null default 0,
`salary_slip_based_on_timesheet` int(1) not null default 0,
`salary_component` varchar(140),
`hour_rate` decimal(21,9) not null default 0,
`total_earning` decimal(21,9) not null default 0,
`total_deduction` decimal(21,9) not null default 0,
`net_pay` decimal(21,9) not null default 0,
`mode_of_payment` varchar(140),
`payment_account` varchar(140),
`_user_tags` text,
`_comments` text,
`_assign` text,
`_liked_by` text,

			index modified(modified))
			ENGINE=InnoDB
			ROW_FORMAT=DYNAMIC
			CHARACTER SET=utf8mb4
			COLLATE=utf8mb4_unicode_ci
2023-08-02 03:59:22,713 WARNING database DDL Query made to DB:
create table `tabEmployee Tax Exemption Declaration Category` (
			name varchar(140) primary key,
			creation datetime(6),
			modified datetime(6),
			modified_by varchar(140),
			owner varchar(140),
			docstatus int(1) not null default '0',
			idx int(8) not null default '0',
			`exemption_sub_category` varchar(140),
`exemption_category` varchar(140),
`max_amount` decimal(21,9) not null default 0,
`amount` decimal(21,9) not null default 0,
parent varchar(140),
parentfield varchar(140),
parenttype varchar(140),
index parent(parent),

			index modified(modified))
			ENGINE=InnoDB
			ROW_FORMAT=DYNAMIC
			CHARACTER SET=utf8mb4
			COLLATE=utf8mb4_unicode_ci
2023-08-02 03:59:22,836 WARNING database DDL Query made to DB:
create table `tabRetention Bonus` (
			name varchar(140) primary key,
			creation datetime(6),
			modified datetime(6),
			modified_by varchar(140),
			owner varchar(140),
			docstatus int(1) not null default '0',
			idx int(8) not null default '0',
			`employee` varchar(140),
`employee_name` varchar(140),
`department` varchar(140),
`company` varchar(140),
`date_of_joining` varchar(140),
`salary_component` varchar(140),
`bonus_amount` decimal(21,9) not null default 0,
`bonus_payment_date` date,
`currency` varchar(140),
`amended_from` varchar(140),
`_user_tags` text,
`_comments` text,
`_assign` text,
`_liked_by` text,

			index modified(modified))
			ENGINE=InnoDB
			ROW_FORMAT=DYNAMIC
			CHARACTER SET=utf8mb4
			COLLATE=utf8mb4_unicode_ci
2023-08-02 03:59:23,006 WARNING database DDL Query made to DB:
create table `tabEmployee Tax Exemption Proof Submission` (
			name varchar(140) primary key,
			creation datetime(6),
			modified datetime(6),
			modified_by varchar(140),
			owner varchar(140),
			docstatus int(1) not null default '0',
			idx int(8) not null default '0',
			`employee` varchar(140),
`employee_name` varchar(140),
`department` varchar(140),
`currency` varchar(140),
`amended_from` varchar(140),
`submission_date` date,
`payroll_period` varchar(140),
`company` varchar(140),
`total_actual_amount` decimal(21,9) not null default 0,
`exemption_amount` decimal(21,9) not null default 0,
`attachments` text,
`_user_tags` text,
`_comments` text,
`_assign` text,
`_liked_by` text,

			index modified(modified))
			ENGINE=InnoDB
			ROW_FORMAT=DYNAMIC
			CHARACTER SET=utf8mb4
			COLLATE=utf8mb4_unicode_ci
2023-08-02 03:59:23,162 WARNING database DDL Query made to DB:
create table `tabIncome Tax Slab` (
			name varchar(140) primary key,
			creation datetime(6),
			modified datetime(6),
			modified_by varchar(140),
			owner varchar(140),
			docstatus int(1) not null default '0',
			idx int(8) not null default '0',
			`disabled` int(1) not null default 0,
`effective_from` date,
`company` varchar(140),
`currency` varchar(140),
`standard_tax_exemption_amount` decimal(21,9) not null default 0,
`allow_tax_exemption` int(1) not null default 0,
`amended_from` varchar(140),
`_user_tags` text,
`_comments` text,
`_assign` text,
`_liked_by` text,

			index modified(modified))
			ENGINE=InnoDB
			ROW_FORMAT=DYNAMIC
			CHARACTER SET=utf8mb4
			COLLATE=utf8mb4_unicode_ci
2023-08-02 03:59:23,303 WARNING database DDL Query made to DB:
create table `tabIncome Tax Slab Other Charges` (
			name varchar(140) primary key,
			creation datetime(6),
			modified datetime(6),
			modified_by varchar(140),
			owner varchar(140),
			docstatus int(1) not null default '0',
			idx int(8) not null default '0',
			`description` varchar(140),
`percent` decimal(21,9) not null default 0,
`min_taxable_income` decimal(21,9) not null default 0,
`max_taxable_income` decimal(21,9) not null default 0,
parent varchar(140),
parentfield varchar(140),
parenttype varchar(140),
index parent(parent),

			index modified(modified))
			ENGINE=InnoDB
			ROW_FORMAT=DYNAMIC
			CHARACTER SET=utf8mb4
			COLLATE=utf8mb4_unicode_ci
2023-08-02 03:59:23,430 WARNING database DDL Query made to DB:
create table `tabEmployee Other Income` (
			name varchar(140) primary key,
			creation datetime(6),
			modified datetime(6),
			modified_by varchar(140),
			owner varchar(140),
			docstatus int(1) not null default '0',
			idx int(8) not null default '0',
			`employee` varchar(140),
`employee_name` varchar(140),
`amended_from` varchar(140),
`company` varchar(140),
`payroll_period` varchar(140),
`source` varchar(140),
`amount` decimal(21,9) not null default 0,
`_user_tags` text,
`_comments` text,
`_assign` text,
`_liked_by` text,

			index modified(modified))
			ENGINE=InnoDB
			ROW_FORMAT=DYNAMIC
			CHARACTER SET=utf8mb4
			COLLATE=utf8mb4_unicode_ci
2023-08-02 03:59:23,559 WARNING database DDL Query made to DB:
create table `tabSalary Component Account` (
			name varchar(140) primary key,
			creation datetime(6),
			modified datetime(6),
			modified_by varchar(140),
			owner varchar(140),
			docstatus int(1) not null default '0',
			idx int(8) not null default '0',
			`company` varchar(140),
`account` varchar(140),
parent varchar(140),
parentfield varchar(140),
parenttype varchar(140),
index parent(parent),

			index modified(modified))
			ENGINE=InnoDB
			ROW_FORMAT=DYNAMIC
			CHARACTER SET=utf8mb4
			COLLATE=utf8mb4_unicode_ci
2023-08-02 03:59:23,656 WARNING database DDL Query made to DB:
create table `tabSalary Slip Loan` (
			name varchar(140) primary key,
			creation datetime(6),
			modified datetime(6),
			modified_by varchar(140),
			owner varchar(140),
			docstatus int(1) not null default '0',
			idx int(8) not null default '0',
			`loan` varchar(140),
`loan_type` varchar(140),
`loan_account` varchar(140),
`interest_income_account` varchar(140),
`principal_amount` decimal(21,9) not null default 0,
`interest_amount` decimal(21,9) not null default 0,
`total_payment` decimal(21,9) not null default 0,
`loan_repayment_entry` varchar(140),
parent varchar(140),
parentfield varchar(140),
parenttype varchar(140),
index parent(parent),

			index modified(modified))
			ENGINE=InnoDB
			ROW_FORMAT=DYNAMIC
			CHARACTER SET=utf8mb4
			COLLATE=utf8mb4_unicode_ci
2023-08-02 03:59:23,932 WARNING database DDL Query made to DB:
create table `tabSalary Slip` (
			name varchar(140) primary key,
			creation datetime(6),
			modified datetime(6),
			modified_by varchar(140),
			owner varchar(140),
			docstatus int(1) not null default '0',
			idx int(8) not null default '0',
			`employee` varchar(140),
`employee_name` varchar(140),
`department` varchar(140),
`designation` varchar(140),
`branch` varchar(140),
`posting_date` date,
`letter_head` varchar(140),
`status` varchar(140),
`company` varchar(140),
`currency` varchar(140),
`exchange_rate` decimal(21,9) not null default 1.0,
`payroll_frequency` varchar(140),
`start_date` date,
`end_date` date,
`salary_structure` varchar(140),
`payroll_entry` varchar(140),
`mode_of_payment` varchar(140),
`salary_slip_based_on_timesheet` int(1) not null default 0,
`deduct_tax_for_unclaimed_employee_benefits` int(1) not null default 0,
`deduct_tax_for_unsubmitted_tax_exemption_proof` int(1) not null default 0,
`total_working_days` decimal(21,9) not null default 0,
`unmarked_days` decimal(21,9) not null default 0,
`leave_without_pay` decimal(21,9) not null default 0,
`absent_days` decimal(21,9) not null default 0,
`payment_days` decimal(21,9) not null default 0,
`total_working_hours` decimal(21,9) not null default 0,
`hour_rate` decimal(21,9) not null default 0,
`base_hour_rate` decimal(21,9) not null default 0,
`gross_pay` decimal(21,9) not null default 0,
`base_gross_pay` decimal(21,9) not null default 0,
`gross_year_to_date` decimal(21,9) not null default 0,
`base_gross_year_to_date` decimal(21,9) not null default 0,
`total_deduction` decimal(21,9) not null default 0,
`base_total_deduction` decimal(21,9) not null default 0,
`total_principal_amount` decimal(21,9) not null default 0,
`total_interest_amount` decimal(21,9) not null default 0,
`total_loan_repayment` decimal(21,9) not null default 0,
`net_pay` decimal(21,9) not null default 0,
`base_net_pay` decimal(21,9) not null default 0,
`rounded_total` decimal(21,9) not null default 0,
`base_rounded_total` decimal(21,9) not null default 0,
`year_to_date` decimal(21,9) not null default 0,
`base_year_to_date` decimal(21,9) not null default 0,
`month_to_date` decimal(21,9) not null default 0,
`base_month_to_date` decimal(21,9) not null default 0,
`total_in_words` varchar(240),
`base_total_in_words` varchar(240),
`ctc` decimal(21,9) not null default 0,
`income_from_other_sources` decimal(21,9) not null default 0,
`total_earnings` decimal(21,9) not null default 0,
`non_taxable_earnings` decimal(21,9) not null default 0,
`standard_tax_exemption_amount` decimal(21,9) not null default 0,
`tax_exemption_declaration` decimal(21,9) not null default 0,
`deductions_before_tax_calculation` decimal(21,9) not null default 0,
`annual_taxable_amount` decimal(21,9) not null default 0,
`income_tax_deducted_till_date` decimal(21,9) not null default 0,
`current_month_income_tax` decimal(21,9) not null default 0,
`future_income_tax_deductions` decimal(21,9) not null default 0,
`total_income_tax` decimal(21,9) not null default 0,
`journal_entry` varchar(140),
`amended_from` varchar(140),
`bank_name` varchar(140),
`bank_account_no` varchar(140),
`_user_tags` text,
`_comments` text,
`_assign` text,
`_liked_by` text,
index `employee`(`employee`),
index `salary_structure`(`salary_structure`),

			index modified(modified))
			ENGINE=InnoDB
			ROW_FORMAT=DYNAMIC
			CHARACTER SET=utf8mb4
			COLLATE=utf8mb4_unicode_ci
2023-08-02 03:59:30,580 WARNING database DDL Query made to DB:
ALTER TABLE `tabLoan` ADD COLUMN `repay_from_salary` int(1) not null default 0
2023-08-02 03:59:30,587 WARNING database DDL Query made to DB:
ALTER TABLE `tabLoan` MODIFY `refund_amount` decimal(21,9) not null default 0, MODIFY `total_amount_paid` decimal(21,9) not null default 0, MODIFY `monthly_repayment_amount` decimal(21,9) not null default 0, MODIFY `total_principal_paid` decimal(21,9) not null default 0, MODIFY `debit_adjustment_amount` decimal(21,9) not null default 0, MODIFY `maximum_loan_amount` decimal(21,9) not null default 0, MODIFY `disbursed_amount` decimal(21,9) not null default 0, MODIFY `loan_amount` decimal(21,9) not null default 0, MODIFY `rate_of_interest` decimal(21,9) not null default 0, MODIFY `credit_adjustment_amount` decimal(21,9) not null default 0, MODIFY `written_off_amount` decimal(21,9) not null default 0
2023-08-02 03:59:30,668 WARNING database DDL Query made to DB:
ALTER TABLE `tabCompany` ADD COLUMN `default_expense_claim_payable_account` varchar(140), ADD COLUMN `default_employee_advance_account` varchar(140), ADD COLUMN `default_payroll_payable_account` varchar(140)
2023-08-02 03:59:30,674 WARNING database DDL Query made to DB:
ALTER TABLE `tabCompany` MODIFY `monthly_sales_target` decimal(21,9) not null default 0, MODIFY `credit_limit` decimal(21,9) not null default 0, MODIFY `total_monthly_sales` decimal(21,9) not null default 0
2023-08-02 03:59:30,731 WARNING database DDL Query made to DB:
ALTER TABLE `tabLoan Repayment` ADD COLUMN `payroll_payable_account` varchar(140), ADD COLUMN `repay_from_salary` int(1) not null default 0
2023-08-02 03:59:30,737 WARNING database DDL Query made to DB:
ALTER TABLE `tabLoan Repayment` MODIFY `total_penalty_paid` decimal(21,9) not null default 0, MODIFY `payable_principal_amount` decimal(21,9) not null default 0, MODIFY `amount_paid` decimal(21,9) not null default 0, MODIFY `rate_of_interest` decimal(21,9) not null default 0, MODIFY `shortfall_amount` decimal(21,9) not null default 0, MODIFY `interest_payable` decimal(21,9) not null default 0, MODIFY `pending_principal_amount` decimal(21,9) not null default 0, MODIFY `penalty_amount` decimal(21,9) not null default 0, MODIFY `payable_amount` decimal(21,9) not null default 0, MODIFY `total_interest_paid` decimal(21,9) not null default 0
2023-08-02 03:59:30,791 WARNING database DDL Query made to DB:
ALTER TABLE `tabDepartment` ADD COLUMN `payroll_cost_center` varchar(140), ADD COLUMN `leave_block_list` varchar(140)
2023-08-02 03:59:30,851 WARNING database DDL Query made to DB:
ALTER TABLE `tabTask` ADD COLUMN `total_expense_claim` decimal(21,9) not null default 0
2023-08-02 03:59:30,857 WARNING database DDL Query made to DB:
ALTER TABLE `tabTask` MODIFY `total_costing_amount` decimal(21,9) not null default 0, MODIFY `actual_time` decimal(21,9) not null default 0, MODIFY `task_weight` decimal(21,9) not null default 0, MODIFY `total_billing_amount` decimal(21,9) not null default 0, MODIFY `progress` decimal(21,9) not null default 0
2023-08-02 03:59:30,908 WARNING database DDL Query made to DB:
ALTER TABLE `tabTimesheet` ADD COLUMN `salary_slip` varchar(140)
2023-08-02 03:59:30,915 WARNING database DDL Query made to DB:
ALTER TABLE `tabTimesheet` MODIFY `base_total_billed_amount` decimal(21,9) not null default 0, MODIFY `total_billed_hours` decimal(21,9) not null default 0, MODIFY `base_total_costing_amount` decimal(21,9) not null default 0, MODIFY `per_billed` decimal(21,9) not null default 0, MODIFY `total_billed_amount` decimal(21,9) not null default 0, MODIFY `base_total_billable_amount` decimal(21,9) not null default 0, MODIFY `total_costing_amount` decimal(21,9) not null default 0, MODIFY `total_billable_hours` decimal(21,9) not null default 0
2023-08-02 03:59:30,982 WARNING database DDL Query made to DB:
ALTER TABLE `tabProject` ADD COLUMN `total_expense_claim` decimal(21,9) not null default 0
2023-08-02 03:59:30,989 WARNING database DDL Query made to DB:
ALTER TABLE `tabProject` MODIFY `total_sales_amount` decimal(21,9) not null default 0, MODIFY `estimated_costing` decimal(21,9) not null default 0, MODIFY `total_billed_amount` decimal(21,9) not null default 0, MODIFY `per_gross_margin` decimal(21,9) not null default 0, MODIFY `gross_margin` decimal(21,9) not null default 0, MODIFY `total_purchase_cost` decimal(21,9) not null default 0, MODIFY `percent_complete` decimal(21,9) not null default 0, MODIFY `actual_time` decimal(21,9) not null default 0, MODIFY `total_costing_amount` decimal(21,9) not null default 0, MODIFY `total_billable_amount` decimal(21,9) not null default 0, MODIFY `total_consumed_material_cost` decimal(21,9) not null default 0
2023-08-02 03:59:31,027 WARNING database DDL Query made to DB:
ALTER TABLE `tabTerms and Conditions` ADD COLUMN `hr` int(1) not null default 1
2023-08-02 03:59:31,076 WARNING database DDL Query made to DB:
ALTER TABLE `tabDesignation` ADD COLUMN `appraisal_template` varchar(140)
2023-08-02 03:59:31,160 WARNING database DDL Query made to DB:
ALTER TABLE `tabEmployee` ADD COLUMN `employment_type` varchar(140), ADD COLUMN `grade` varchar(140), ADD COLUMN `job_applicant` varchar(140), ADD COLUMN `default_shift` varchar(140), ADD COLUMN `expense_approver` varchar(140), ADD COLUMN `leave_approver` varchar(140), ADD COLUMN `shift_request_approver` varchar(140), ADD COLUMN `payroll_cost_center` varchar(140), ADD COLUMN `health_insurance_provider` varchar(140), ADD COLUMN `health_insurance_no` varchar(140)
2023-08-02 03:59:31,166 WARNING database DDL Query made to DB:
ALTER TABLE `tabEmployee` MODIFY `ctc` decimal(21,9) not null default 0
2023-08-15 17:42:24,846 WARNING database DDL Query made to DB:
create table `tabArticle` (
			name varchar(140) primary key,
			creation datetime(6),
			modified datetime(6),
			modified_by varchar(140),
			owner varchar(140),
			docstatus int(1) not null default '0',
			idx int(8) not null default '0',
			`article_name` varchar(140),
`image` text,
`author` varchar(140),
`description` longtext,
`isbn` varchar(140),
`status` varchar(140),
`publisher` varchar(140),
`_user_tags` text,
`_comments` text,
`_assign` text,
`_liked_by` text,

			index modified(modified))
			ENGINE=InnoDB
			ROW_FORMAT=DYNAMIC
			CHARACTER SET=utf8mb4
			COLLATE=utf8mb4_unicode_ci
2023-08-15 20:58:50,375 WARNING database DDL Query made to DB:
ALTER TABLE `tabArticle` ADD UNIQUE INDEX IF NOT EXISTS article_name (`article_name`)
2023-08-15 21:31:13,581 WARNING database DDL Query made to DB:
create table `tabLibrary Member` (
			name varchar(140) primary key,
			creation datetime(6),
			modified datetime(6),
			modified_by varchar(140),
			owner varchar(140),
			docstatus int(1) not null default '0',
			idx int(8) not null default '0',
			`first_name` varchar(140),
`last_name` varchar(140),
`full_name` varchar(140),
`email_address` varchar(140),
`phone` varchar(140),
`_user_tags` text,
`_comments` text,
`_assign` text,
`_liked_by` text,

			index modified(modified))
			ENGINE=InnoDB
			ROW_FORMAT=DYNAMIC
			CHARACTER SET=utf8mb4
			COLLATE=utf8mb4_unicode_ci
2023-08-16 00:29:50,853 WARNING database DDL Query made to DB:
create table `tabLibrary Membership` (
			name varchar(140) primary key,
			creation datetime(6),
			modified datetime(6),
			modified_by varchar(140),
			owner varchar(140),
			docstatus int(1) not null default '0',
			idx int(8) not null default '0',
			`library_member` varchar(140),
`full_name` varchar(140) default 'library_member.full_name',
`from_date` date,
`to_date` date,
`paid` int(1) not null default 0,
`amended_from` varchar(140),
`_user_tags` text,
`_comments` text,
`_assign` text,
`_liked_by` text,

			index modified(modified))
			ENGINE=InnoDB
			ROW_FORMAT=DYNAMIC
			CHARACTER SET=utf8mb4
			COLLATE=utf8mb4_unicode_ci
2023-08-16 00:31:07,454 WARNING database DDL Query made to DB:
ALTER TABLE `tabLibrary Membership` MODIFY `full_name` varchar(140)
2023-08-16 00:40:20,679 WARNING database DDL Query made to DB:
ALTER TABLE `tabLibrary Membership` MODIFY `full_name` varchar(140)
2023-08-16 00:44:24,548 WARNING database DDL Query made to DB:
ALTER TABLE `tabLibrary Membership` MODIFY `full_name` varchar(140) default 'library_member.full_name'
2023-08-16 00:46:54,813 WARNING database DDL Query made to DB:
ALTER TABLE `tabLibrary Membership` MODIFY `full_name` varchar(140)
2023-08-16 00:58:51,506 WARNING database DDL Query made to DB:
ALTER TABLE `tabLibrary Membership` MODIFY `full_name` varchar(140)
2023-08-16 21:39:23,850 WARNING database DDL Query made to DB:
ALTER TABLE `tabLibrary Membership` MODIFY `full_name` varchar(140)
2023-08-16 21:46:14,864 WARNING database DDL Query made to DB:
create table `tabLibrary Transaction` (
			name varchar(140) primary key,
			creation datetime(6),
			modified datetime(6),
			modified_by varchar(140),
			owner varchar(140),
			docstatus int(1) not null default '0',
			idx int(8) not null default '0',
			`article` varchar(140),
`library_member` varchar(140),
`type` varchar(140),
`date` date,
`amended_from` varchar(140),
`_user_tags` text,
`_comments` text,
`_assign` text,
`_liked_by` text,

			index modified(modified))
			ENGINE=InnoDB
			ROW_FORMAT=DYNAMIC
			CHARACTER SET=utf8mb4
			COLLATE=utf8mb4_unicode_ci
2023-08-17 17:42:14,336 WARNING database DDL Query made to DB:
ALTER TABLE `tabArticle` ADD COLUMN `route` varchar(140)
2023-08-24 00:25:54,219 WARNING database DDL Query made to DB:
create table `tablibrary Issues` (
			name varchar(140) primary key,
			creation datetime(6),
			modified datetime(6),
			modified_by varchar(140),
			owner varchar(140),
			docstatus int(1) not null default '0',
			idx int(8) not null default '0',
			`library_member` varchar(140),
`subject` varchar(140),
`description` longtext,
`attachment` text,
`_user_tags` text,
`_comments` text,
`_assign` text,
`_liked_by` text,

			index modified(modified))
			ENGINE=InnoDB
			ROW_FORMAT=DYNAMIC
			CHARACTER SET=utf8mb4
			COLLATE=utf8mb4_unicode_ci
2023-08-25 17:48:29,771 WARNING database DDL Query made to DB:
ALTER TABLE `tablibrary Issues` MODIFY `attachment` varchar(140)
2023-08-25 17:51:25,561 WARNING database DDL Query made to DB:
ALTER TABLE `tablibrary Issues` MODIFY `attachment` text
2023-10-30 19:20:38,388 WARNING database DDL Query made to DB:
create table `tabBUSINESS INCORPORATION AUTHORIZATION-ONBOARDING FORM` (
			name varchar(140) primary key,
			creation datetime(6),
			modified datetime(6),
			modified_by varchar(140),
			owner varchar(140),
			docstatus int(1) not null default '0',
			idx int(8) not null default '0',
			`please_list_at_least_three_3_desired_names_for_your_corporation` text,
`_user_tags` text,
`_comments` text,
`_assign` text,
`_liked_by` text,

			index modified(modified))
			ENGINE=InnoDB
			ROW_FORMAT=DYNAMIC
			CHARACTER SET=utf8mb4
			COLLATE=utf8mb4_unicode_ci
2023-10-30 19:24:06,858 WARNING database DDL Query made to DB:
ALTER TABLE `tabBUSINESS INCORPORATION AUTHORIZATION-ONBOARDING FORM` ADD COLUMN `the_address_of_the_corporation_will_be` date
2023-10-30 19:25:55,966 WARNING database DDL Query made to DB:
ALTER TABLE `tabBUSINESS INCORPORATION AUTHORIZATION-ONBOARDING FORM` MODIFY `the_address_of_the_corporation_will_be` varchar(140)
2023-10-30 19:26:42,030 WARNING database DDL Query made to DB:
ALTER TABLE `tabBUSINESS INCORPORATION AUTHORIZATION-ONBOARDING FORM` MODIFY `the_address_of_the_corporation_will_be` text
2023-10-30 19:27:34,892 WARNING database DDL Query made to DB:
ALTER TABLE `tabBUSINESS INCORPORATION AUTHORIZATION-ONBOARDING FORM` ADD COLUMN `country` text
2023-10-30 19:37:56,175 WARNING database DDL Query made to DB:
ALTER TABLE `tabBUSINESS INCORPORATION AUTHORIZATION-ONBOARDING FORM` ADD COLUMN `aafafafa` text
2023-10-30 19:37:56,211 WARNING database DDL Query made to DB:
ALTER TABLE `tabBUSINESS INCORPORATION AUTHORIZATION-ONBOARDING FORM` MODIFY `please_list_at_least_three_3_desired_names_for_your_corporation` varchar(140)
2023-10-30 19:46:53,498 WARNING database DDL Query made to DB:
ALTER TABLE `tabBUSINESS INCORPORATION AUTHORIZATION-ONBOARDING FORM` ADD COLUMN `name1` varchar(140)
2023-10-30 19:48:40,603 WARNING database DDL Query made to DB:
ALTER TABLE `tabBUSINESS INCORPORATION AUTHORIZATION-ONBOARDING FORM` MODIFY `please_list_at_least_three_3_desired_names_for_your_corporation` text
2023-10-30 20:01:21,258 WARNING database DDL Query made to DB:
ALTER TABLE `tabBUSINESS INCORPORATION AUTHORIZATION-ONBOARDING FORM` ADD COLUMN `address_line_1` varchar(140), ADD COLUMN `address_line_2` varchar(140)
2023-10-30 20:02:44,711 WARNING database DDL Query made to DB:
ALTER TABLE `tabBUSINESS INCORPORATION AUTHORIZATION-ONBOARDING FORM` ADD COLUMN `stateprovince` varchar(140), ADD COLUMN `city` varchar(140), ADD COLUMN `zip` varchar(140)
2023-10-30 20:02:44,729 WARNING database DDL Query made to DB:
ALTER TABLE `tabBUSINESS INCORPORATION AUTHORIZATION-ONBOARDING FORM` MODIFY `country` varchar(140)
2023-10-31 16:19:32,229 WARNING database DDL Query made to DB:
ALTER TABLE `tabBUSINESS INCORPORATION AUTHORIZATION-ONBOARDING FORM` ADD COLUMN `name_and_address_of_the_registered_agent_first_name` varchar(140)
2023-10-31 16:22:01,057 WARNING database DDL Query made to DB:
ALTER TABLE `tabBUSINESS INCORPORATION AUTHORIZATION-ONBOARDING FORM` ADD COLUMN `first_name` varchar(140)
2023-10-31 16:26:06,639 WARNING database DDL Query made to DB:
ALTER TABLE `tabBUSINESS INCORPORATION AUTHORIZATION-ONBOARDING FORM` ADD COLUMN `agent_last_name` varchar(140), ADD COLUMN `agent_middle_name` varchar(140), ADD COLUMN `agent_address_line1` varchar(140), ADD COLUMN `agent_address_line2` varchar(140), ADD COLUMN `agent_state` varchar(140), ADD COLUMN `agent_city` varchar(140), ADD COLUMN `agent_zip` varchar(140)
2023-10-31 16:33:27,780 WARNING database DDL Query made to DB:
ALTER TABLE `tabBUSINESS INCORPORATION AUTHORIZATION-ONBOARDING FORM` ADD COLUMN `type_of_entity` varchar(140)
2023-10-31 16:39:20,259 WARNING database DDL Query made to DB:
ALTER TABLE `tabBUSINESS INCORPORATION AUTHORIZATION-ONBOARDING FORM` ADD COLUMN `other_entity_if_not_in_the_list` varchar(140)
2023-10-31 16:40:16,020 WARNING database DDL Query made to DB:
ALTER TABLE `tabBUSINESS INCORPORATION AUTHORIZATION-ONBOARDING FORM` ADD COLUMN `purpose_of_the_company_for_the_purpose_of_state_of_texas` text
2023-10-31 16:49:58,418 WARNING database DDL Query made to DB:
ALTER TABLE `tabBUSINESS INCORPORATION AUTHORIZATION-ONBOARDING FORM` ADD COLUMN `naics_code_if_known` varchar(140)
2023-10-31 16:53:53,515 WARNING database DDL Query made to DB:
ALTER TABLE `tabBUSINESS INCORPORATION AUTHORIZATION-ONBOARDING FORM` ADD COLUMN `payments` varchar(140)
2023-10-31 16:55:09,332 WARNING database DDL Query made to DB:
ALTER TABLE `tabBUSINESS INCORPORATION AUTHORIZATION-ONBOARDING FORM` ADD COLUMN `signed_by` longtext
2023-10-31 16:59:02,031 WARNING database DDL Query made to DB:
ALTER TABLE `tabBUSINESS INCORPORATION AUTHORIZATION-ONBOARDING FORM` ADD COLUMN `signed_byshareholder__administrator_signature` longtext
2023-10-31 17:00:54,594 WARNING database DDL Query made to DB:
ALTER TABLE `tabBUSINESS INCORPORATION AUTHORIZATION-ONBOARDING FORM` ADD COLUMN `date` date
2023-10-31 17:54:14,480 WARNING database DDL Query made to DB:
ALTER TABLE `tabBUSINESS INCORPORATION AUTHORIZATION-ONBOARDING FORM` ADD COLUMN `shareholde_1_name` varchar(140)
2023-10-31 18:01:07,566 WARNING database DDL Query made to DB:
ALTER TABLE `tabBUSINESS INCORPORATION AUTHORIZATION-ONBOARDING FORM` ADD COLUMN `social_security_number` varchar(140), ADD COLUMN `percent_of_shares_owned` decimal(21,9) not null default 0, ADD COLUMN `title_president_vice_president_etc` varchar(140), ADD COLUMN `shareholder_1_home_addressif_different_than_the_driving_license` varchar(140)
2023-10-31 18:20:31,477 WARNING database DDL Query made to DB:
ALTER TABLE `tabBUSINESS INCORPORATION AUTHORIZATION-ONBOARDING FORM` ADD COLUMN `shareholder_1_city` varchar(140), ADD COLUMN `shareholder_1_state` varchar(140), ADD COLUMN `shareholder_1_zip` varchar(140), ADD COLUMN `shareholder_1_phone` varchar(140), ADD COLUMN `shareholder_1_email` varchar(140), ADD COLUMN `shareholder_1_signature` longtext
2023-10-31 18:20:31,510 WARNING database DDL Query made to DB:
ALTER TABLE `tabBUSINESS INCORPORATION AUTHORIZATION-ONBOARDING FORM` MODIFY `percent_of_shares_owned` decimal(21,9) not null default 0
2023-10-31 18:21:30,073 WARNING database DDL Query made to DB:
ALTER TABLE `tabBUSINESS INCORPORATION AUTHORIZATION-ONBOARDING FORM` ADD COLUMN `shareholder_2_full_name` varchar(140)
2023-10-31 18:21:30,081 WARNING database DDL Query made to DB:
ALTER TABLE `tabBUSINESS INCORPORATION AUTHORIZATION-ONBOARDING FORM` MODIFY `percent_of_shares_owned` decimal(21,9) not null default 0
2023-10-31 18:28:02,199 WARNING database DDL Query made to DB:
ALTER TABLE `tabBUSINESS INCORPORATION AUTHORIZATION-ONBOARDING FORM` ADD COLUMN `shareholder_2_social_security_number` varchar(140), ADD COLUMN `shareholder_2_percent_of_shares_owned` decimal(21,9) not null default 0, ADD COLUMN `shareholder_2_title_president_vice_president_etc` varchar(140), ADD COLUMN `shareholder_2_home_addressif_different_than_the_driving_license` varchar(140), ADD COLUMN `shareholder_2_city` varchar(140), ADD COLUMN `shareholder_2_state` varchar(140), ADD COLUMN `shareholder_2_zip` varchar(140), ADD COLUMN `shareholder_2_phone` varchar(140), ADD COLUMN `shareholder_2_email` varchar(140), ADD COLUMN `shareholder_2_signature` longtext
2023-10-31 18:28:02,210 WARNING database DDL Query made to DB:
ALTER TABLE `tabBUSINESS INCORPORATION AUTHORIZATION-ONBOARDING FORM` MODIFY `percent_of_shares_owned` decimal(21,9) not null default 0
2023-10-31 18:36:41,595 WARNING database DDL Query made to DB:
ALTER TABLE `tabBUSINESS INCORPORATION AUTHORIZATION-ONBOARDING FORM` ADD COLUMN `shareholder_3_full_name` varchar(140), ADD COLUMN `shareholder_3_social_security_number` varchar(140), ADD COLUMN `shareholder_3_percent_of_shares_owned` decimal(21,9) not null default 0, ADD COLUMN `shareholder_3_title_president_vice_president_etc` varchar(140), ADD COLUMN `shareholder_3_home_addressif_different_than_the_driving_license` varchar(140), ADD COLUMN `shareholder_3_city` varchar(140), ADD COLUMN `shareholder_3_state` varchar(140), ADD COLUMN `shareholder_3_zip` varchar(140), ADD COLUMN `shareholder_3_phone` varchar(140), ADD COLUMN `shareholder_3_email` varchar(140), ADD COLUMN `shareholder_3_signature` longtext, ADD COLUMN `shareholder_4_full_name` varchar(140), ADD COLUMN `shareholder_4_social_security_number` varchar(140), ADD COLUMN `shareholder_4_percent_of_shares_owned` decimal(21,9) not null default 0, ADD COLUMN `shareholder_4_title_president_vice_president_etc` varchar(140), ADD COLUMN `shareholder_4_home_addressif_different_than_the_driving_license` varchar(140), ADD COLUMN `shareholder_4_city` varchar(140), ADD COLUMN `shareholder_4_state` varchar(140), ADD COLUMN `shareholder_4_zip` varchar(140), ADD COLUMN `shareholder_4_phone` varchar(140), ADD COLUMN `shareholder_4_email` varchar(140), ADD COLUMN `shareholder_4_signature` longtext
2023-10-31 18:36:41,605 WARNING database DDL Query made to DB:
ALTER TABLE `tabBUSINESS INCORPORATION AUTHORIZATION-ONBOARDING FORM` MODIFY `percent_of_shares_owned` decimal(21,9) not null default 0, MODIFY `shareholder_2_percent_of_shares_owned` decimal(21,9) not null default 0
2023-10-31 18:41:35,333 WARNING database DDL Query made to DB:
ALTER TABLE `tabBUSINESS INCORPORATION AUTHORIZATION-ONBOARDING FORM` MODIFY `shareholder_3_percent_of_shares_owned` decimal(21,9) not null default 0, MODIFY `shareholder_4_percent_of_shares_owned` decimal(21,9) not null default 0, MODIFY `shareholder_2_percent_of_shares_owned` decimal(21,9) not null default 0, MODIFY `percent_of_shares_owned` decimal(21,9) not null default 0
